	Exporter version: 4.6.1, Blender version: 2.78 (sub 0)
========= Conversion from Blender to Babylon.js =========
	Scene settings used:
		selected layers only:  false
		flat shading entire scene:  false
		inline textures:  false
		texture directory:  C:\Users\Aygalic\OneDrive\WORKSPACE\superjeutroplol\models\
	Python World class constructor completed
	processing begun of mesh:  Cube
		WARNING: Contains material requiring baking, but resources not available.  Probably .blend very old
		processing begun of Standard material:  Material
		processing begun of Standard material:  Material.002
		processing begun of multimaterial:  bear.Multimaterial#0
		num positions      :  21362
		num normals        :  21362
		num uvs            :  42724
		num uvs2           :  0
		num colors         :  0
		num indices        :  82656
	processing begun of camera (FreeCamera):  Camera
	processing begun of light (HEMI):  Lamp.003
	processing begun of light (POINT):  Lamp.004
	processing begun of light (SPOT):  Lamp.002
	processing begun of light (SPOT):  Lamp.001
	processing begun of light (SPOT):  Lamp
========= Writing of scene file started =========
========= Writing of scene file completed =========
========= end of processing =========
elapsed time:  0 min, 0.8819 secs
