	Exporter version: 4.6.1, Blender version: 2.78 (sub 0)
========= Conversion from Blender to Babylon.js =========
	Scene settings used:
		selected layers only:  false
		flat shading entire scene:  false
		inline textures:  false
		texture directory:  C:\Users\Aygalic\OneDrive\WORKSPACE\superjeutroplol\models\
	Python World class constructor completed
	processing begun of mesh:  Cube.014
		WARNING: No materials have been assigned: 
		num positions      :  94
		num normals        :  94
		num uvs            :  0
		num uvs2           :  0
		num colors         :  0
		num indices        :  552
	processing begun of mesh:  Cube.013
		WARNING: No materials have been assigned: 
		num positions      :  12
		num normals        :  12
		num uvs            :  0
		num uvs2           :  0
		num colors         :  0
		num indices        :  60
	processing begun of mesh:  Cube.012
		WARNING: No materials have been assigned: 
		num positions      :  78
		num normals        :  78
		num uvs            :  0
		num uvs2           :  0
		num colors         :  0
		num indices        :  474
	processing begun of mesh:  Cylinder.001
		WARNING: No materials have been assigned: 
		num positions      :  66
		num normals        :  66
		num uvs            :  0
		num uvs2           :  0
		num colors         :  0
		num indices        :  384
	processing begun of mesh:  Cube.011
		WARNING: No materials have been assigned: 
		num positions      :  192
		num normals        :  192
		num uvs            :  0
		num uvs2           :  0
		num colors         :  0
		num indices        :  1173
	processing begun of mesh:  Cylinder
		WARNING: No materials have been assigned: 
		num positions      :  1073
		num normals        :  1073
		num uvs            :  0
		num uvs2           :  0
		num colors         :  0
		num indices        :  6228
	processing begun of mesh:  Cube.010
		WARNING: No materials have been assigned: 
		num positions      :  25
		num normals        :  25
		num uvs            :  0
		num uvs2           :  0
		num colors         :  0
		num indices        :  138
	processing begun of mesh:  Cube.009
		WARNING: No materials have been assigned: 
		num positions      :  68
		num normals        :  68
		num uvs            :  0
		num uvs2           :  0
		num colors         :  0
		num indices        :  396
	processing begun of mesh:  Cube.008
		WARNING: No materials have been assigned: 
		num positions      :  40
		num normals        :  40
		num uvs            :  0
		num uvs2           :  0
		num colors         :  0
		num indices        :  228
	processing begun of mesh:  Cube.007
		WARNING: No materials have been assigned: 
		num positions      :  84
		num normals        :  84
		num uvs            :  0
		num uvs2           :  0
		num colors         :  0
		num indices        :  492
	processing begun of mesh:  Cube.006
		WARNING: No materials have been assigned: 
		num positions      :  10
		num normals        :  10
		num uvs            :  0
		num uvs2           :  0
		num colors         :  0
		num indices        :  48
	processing begun of mesh:  Cube.005
		WARNING: No materials have been assigned: 
		num positions      :  20
		num normals        :  20
		num uvs            :  0
		num uvs2           :  0
		num colors         :  0
		num indices        :  108
	processing begun of mesh:  Cube.004
		WARNING: No materials have been assigned: 
		num positions      :  138
		num normals        :  138
		num uvs            :  0
		num uvs2           :  0
		num colors         :  0
		num indices        :  816
	processing begun of mesh:  Cube.003
		WARNING: No materials have been assigned: 
		num positions      :  66
		num normals        :  66
		num uvs            :  0
		num uvs2           :  0
		num colors         :  0
		num indices        :  384
	processing begun of mesh:  Cube.002
		WARNING: No materials have been assigned: 
		num positions      :  8
		num normals        :  8
		num uvs            :  0
		num uvs2           :  0
		num colors         :  0
		num indices        :  36
	processing begun of mesh:  Cube.001
		WARNING: No materials have been assigned: 
		num positions      :  834
		num normals        :  834
		num uvs            :  0
		num uvs2           :  0
		num colors         :  0
		num indices        :  4992
	processing begun of mesh:  Cube
		processing begun of Standard material:  Material
		num positions      :  174
		num normals        :  174
		num uvs            :  0
		num uvs2           :  0
		num colors         :  0
		num indices        :  1032
	WARNING: The following camera not visible in scene thus ignored: Camera
	WARNING: The following lamp not visible in scene thus ignored: Lamp
========= Writing of scene file started =========
========= Writing of scene file completed =========
========= end of processing =========
elapsed time:  0 min, 0.1345 secs
