	Exporter version: 4.6.1, Blender version: 2.78 (sub 0)
========= Conversion from Blender to Babylon.js =========
	Scene settings used:
		selected layers only:  false
		flat shading entire scene:  false
		inline textures:  false
		texture directory:  C:\Users\Aygalic\OneDrive\WORKSPACE\superjeutroplol\models\
	Python World class constructor completed
	WARNING: No active camera has been assigned, or is not in a currently selected Blender layer
	processing begun of node:  Empty
	processing begun of mesh:  outside
		processing begun of Standard material:  outer
		processing begun of Standard material:  inner
		processing begun of multimaterial:  hand.Multimaterial#0
		num positions      :  768
		num normals        :  768
		num uvs            :  0
		num uvs2           :  0
		num colors         :  0
		num indices        :  3576
		WARNING: # of 0 area faces found:  1
	processing begun of node:  camTarget
========= Writing of scene file started =========
========= Writing of scene file completed =========
========= end of processing =========
elapsed time:  0 min, 0.1915 secs
